<?xml version="1.0" ?>
<coverage version="7.7.1" timestamp="1743361258826" lines-valid="0" lines-covered="0" line-rate="1" branches-covered="0" branches-valid="0" branch-rate="0" complexity="0">
	<!-- Generated by coverage.py: https://coverage.readthedocs.io/en/7.7.1 -->
	<!-- Based on https://raw.githubusercontent.com/cobertura/web/master/htdocs/xml/coverage-04.dtd -->
	<sources>
		<source>/data/data/com.termux/files/home/MechBot2.0x/mechbot-2x/src</source>
	</sources>
	<packages>
		<package name="mechbot" line-rate="1" branch-rate="0" complexity="0">
			<classes>
				<class name="__init__.py" filename="mechbot/__init__.py" complexity="0" line-rate="1" branch-rate="0">
					<methods/>
					<lines/>
				</class>
			</classes>
		</package>
	</packages>
</coverage>
